==27000== Memcheck, a memory error detector
==27000== Copyright (C) 2002-2017, and GNU GPL'd, by Julian Seward et al.
==27000== Using Valgrind-3.13.0 and LibVEX; rerun with -h for copyright info
==27000== Command: /adaqfs/home/ole/Develop/analyzer/analyzer -q -b .x setup_debug.C(1966,100)
==27000== 
--27000-- Valgrind options:
--27000--    -v
--27000--    --suppressions=/adaqfs/apps/ROOT/pro/etc/valgrind-root.supp
--27000--    --leak-check=yes
--27000--    --track-origins=yes
--27000-- Contents of /proc/version:
--27000--   Linux version 3.10.0-957.12.1.el7.x86_64 (mockbuild@kbuilder.bsys.centos.org) (gcc version 4.8.5 20150623 (Red Hat 4.8.5-36) (GCC) ) #1 SMP Mon Apr 29 14:59:59 UTC 2019
--27000-- 
--27000-- Arch and hwcaps: AMD64, LittleEndian, amd64-cx16-rdtscp-sse3-avx
--27000-- Page sizes: currently 4096, max supported 4096
--27000-- Valgrind library directory: /usr/lib64/valgrind
--27000-- Reading syms from /adaqfs/home/ole/Develop/analyzer/analyzer
--27000-- Reading syms from /usr/lib64/ld-2.17.so
--27000-- Reading syms from /usr/lib64/valgrind/memcheck-amd64-linux
--27000--    object doesn't have a symbol table
--27000--    object doesn't have a dynamic symbol table
--27000-- Scheduler: using generic scheduler lock implementation.
--27000-- Reading suppressions file: /adaqfs/apps/ROOT/pro/etc/valgrind-root.supp
--27000-- Reading suppressions file: /usr/lib64/valgrind/default.supp
==27000== embedded gdbserver: reading from /tmp/vgdb-pipe-from-vgdb-to-27000-by-a-onl-on-aonl1.jlab.org
==27000== embedded gdbserver: writing to   /tmp/vgdb-pipe-to-vgdb-from-27000-by-a-onl-on-aonl1.jlab.org
==27000== embedded gdbserver: shared mem   /tmp/vgdb-pipe-shared-mem-vgdb-27000-by-a-onl-on-aonl1.jlab.org
==27000== 
==27000== TO CONTROL THIS PROCESS USING vgdb (which you probably
==27000== don't want to do, unless you know exactly what you're doing,
==27000== or are doing some strange experiment):
==27000==   /usr/lib64/valgrind/../../bin/vgdb --pid=27000 ...command...
==27000== 
==27000== TO DEBUG THIS PROCESS USING GDB: start GDB like this
==27000==   /path/to/gdb /adaqfs/home/ole/Develop/analyzer/analyzer
==27000== and then give GDB the following command
==27000==   target remote | /usr/lib64/valgrind/../../bin/vgdb --pid=27000
==27000== --pid is optional if only one valgrind process is running
==27000== 
--27000-- REDIR: 0x4019d60 (ld-linux-x86-64.so.2:strlen) redirected to 0x58059dd1 (???)
--27000-- REDIR: 0x4019b30 (ld-linux-x86-64.so.2:index) redirected to 0x58059deb (???)
--27000-- Reading syms from /usr/lib64/valgrind/vgpreload_core-amd64-linux.so
--27000-- Reading syms from /usr/lib64/valgrind/vgpreload_memcheck-amd64-linux.so
==27000== WARNING: new redirection conflicts with existing -- ignoring it
--27000--     old: 0x04019d60 (strlen              ) R-> (0000.0) 0x58059dd1 ???
--27000--     new: 0x04019d60 (strlen              ) R-> (2007.0) 0x04c2ca70 strlen
--27000-- REDIR: 0x4019ce0 (ld-linux-x86-64.so.2:strcmp) redirected to 0x4c2dbc0 (strcmp)
--27000-- REDIR: 0x401a9a0 (ld-linux-x86-64.so.2:mempcpy) redirected to 0x4c30c40 (mempcpy)
--27000-- Reading syms from /adaqfs/home/ole/Develop/analyzer/libHallA.so.1.6.6
--27000-- Reading syms from /adaqfs/home/ole/Develop/analyzer/libdc.so.1.6.6
--27000-- Reading syms from /adaqfs/apps/ROOT/6.16-00/lib/libGui.so.6.16.00
--27000-- Reading syms from /adaqfs/apps/ROOT/6.16-00/lib/libCore.so.6.16.00
--27000-- Reading syms from /adaqfs/apps/ROOT/6.16-00/lib/libImt.so.6.16.00
--27000-- Reading syms from /adaqfs/apps/ROOT/6.16-00/lib/libRIO.so.6.16.00
--27000-- Reading syms from /adaqfs/apps/ROOT/6.16-00/lib/libNet.so.6.16.00
--27000-- Reading syms from /adaqfs/apps/ROOT/6.16-00/lib/libHist.so.6.16.00
--27000-- Reading syms from /adaqfs/apps/ROOT/6.16-00/lib/libGraf.so.6.16.00
--27000-- Reading syms from /adaqfs/apps/ROOT/6.16-00/lib/libGraf3d.so.6.16.00
--27000-- Reading syms from /adaqfs/apps/ROOT/6.16-00/lib/libGpad.so.6.16.00
--27000-- Reading syms from /adaqfs/apps/ROOT/6.16-00/lib/libROOTVecOps.so.6.16.00
--27000-- Reading syms from /adaqfs/apps/ROOT/6.16-00/lib/libTree.so.6.16.00
--27000-- Reading syms from /adaqfs/apps/ROOT/6.16-00/lib/libTreePlayer.so.6.16.00
--27000-- Reading syms from /adaqfs/apps/ROOT/6.16-00/lib/libRint.so.6.16.00
--27000-- Reading syms from /adaqfs/apps/ROOT/6.16-00/lib/libPostscript.so.6.16.00
--27000-- Reading syms from /adaqfs/apps/ROOT/6.16-00/lib/libMatrix.so.6.16.00
--27000-- Reading syms from /adaqfs/apps/ROOT/6.16-00/lib/libPhysics.so.6.16.00
--27000-- Reading syms from /adaqfs/apps/ROOT/6.16-00/lib/libMathCore.so.6.16.00
--27000-- Reading syms from /adaqfs/apps/ROOT/6.16-00/lib/libThread.so.6.16.00
--27000-- Reading syms from /adaqfs/apps/ROOT/6.16-00/lib/libMultiProc.so.6.16.00
--27000-- Reading syms from /adaqfs/apps/ROOT/6.16-00/lib/libROOTDataFrame.so.6.16.00
--27000-- Reading syms from /usr/lib64/libdl-2.17.so
--27000-- Reading syms from /usr/lib64/libstdc++.so.6.0.19
--27000--    object doesn't have a symbol table
--27000-- Reading syms from /usr/lib64/libm-2.17.so
--27000-- Reading syms from /usr/lib64/libgcc_s-4.8.5-20150702.so.1
--27000--    object doesn't have a symbol table
--27000-- Reading syms from /usr/lib64/libpthread-2.17.so
--27000-- Reading syms from /usr/lib64/libc-2.17.so
--27000-- Reading syms from /adaqfs/home/ole/Develop/evio-4.0/Linux-x86_64/lib/libevio.so
--27000-- Reading syms from /adaqfs/apps/lib/libtbb.so.2
--27000-- Reading syms from /usr/lib64/libpcre.so.1.2.0
--27000--    object doesn't have a symbol table
--27000-- Reading syms from /usr/lib64/libpcreposix.so.0.0.1
--27000--    object doesn't have a symbol table
--27000-- Reading syms from /usr/lib64/liblzma.so.5.2.2
--27000--    object doesn't have a symbol table
--27000-- Reading syms from /usr/lib64/libxxhash.so.0.7.0
--27000--    object doesn't have a symbol table
--27000-- Reading syms from /usr/lib64/liblz4.so.1.7.5
--27000--    object doesn't have a symbol table
--27000-- Reading syms from /usr/lib64/libz.so.1.2.7
--27000--    object doesn't have a symbol table
--27000-- Reading syms from /usr/lib64/libssl.so.1.0.2k
--27000--    object doesn't have a symbol table
--27000-- Reading syms from /usr/lib64/libcrypto.so.1.0.2k
--27000--    object doesn't have a symbol table
--27000-- Reading syms from /usr/lib64/libcrypt-2.17.so
--27000-- Reading syms from /usr/lib64/libfreetype.so.6.14.0
--27000--    object doesn't have a symbol table
--27000-- Reading syms from /usr/lib64/libsqlite3.so.0.8.6
--27000--    object doesn't have a symbol table
--27000-- Reading syms from /usr/lib64/libdavix.so.0.7.2
--27000--    object doesn't have a symbol table
--27000-- Reading syms from /usr/lib64/librt-2.17.so
--27000-- Reading syms from /usr/lib64/libgssapi_krb5.so.2.2
--27000--    object doesn't have a symbol table
--27000-- Reading syms from /usr/lib64/libkrb5.so.3.3
--27000--    object doesn't have a symbol table
--27000-- Reading syms from /usr/lib64/libcom_err.so.2.1
--27000--    object doesn't have a symbol table
--27000-- Reading syms from /usr/lib64/libk5crypto.so.3.1
--27000--    object doesn't have a symbol table
--27000-- Reading syms from /usr/lib64/libfreebl3.so
--27000--    object doesn't have a symbol table
--27000-- Reading syms from /usr/lib64/libbz2.so.1.0.6
--27000--    object doesn't have a symbol table
--27000-- Reading syms from /usr/lib64/libpng15.so.15.13.0
--27000--    object doesn't have a symbol table
--27000-- Reading syms from /usr/lib64/libxml2.so.2.9.1
--27000--    object doesn't have a symbol table
--27000-- Reading syms from /usr/lib64/libuuid.so.1.3.0
--27000--    object doesn't have a symbol table
--27000-- Reading syms from /usr/lib64/libkrb5support.so.0.1
--27000--    object doesn't have a symbol table
--27000-- Reading syms from /usr/lib64/libkeyutils.so.1.5
--27000--    object doesn't have a symbol table
--27000-- Reading syms from /usr/lib64/libresolv-2.17.so
--27000-- Reading syms from /usr/lib64/libselinux.so.1
--27000--    object doesn't have a symbol table
--27000-- REDIR: 0xa61f700 (libc.so.6:strcasecmp) redirected to 0x4a24740 (_vgnU_ifunc_wrapper)
--27000-- REDIR: 0xa61c480 (libc.so.6:strnlen) redirected to 0x4a24740 (_vgnU_ifunc_wrapper)
--27000-- REDIR: 0xa6219d0 (libc.so.6:strncasecmp) redirected to 0x4a24740 (_vgnU_ifunc_wrapper)
--27000-- REDIR: 0xa61eee0 (libc.so.6:memset) redirected to 0x4a24740 (_vgnU_ifunc_wrapper)
--27000-- REDIR: 0xa61ee90 (libc.so.6:memcpy@GLIBC_2.2.5) redirected to 0x4a24740 (_vgnU_ifunc_wrapper)
--27000-- REDIR: 0xa61bd90 (libc.so.6:strcpy) redirected to 0x4a24740 (_vgnU_ifunc_wrapper)
--27000-- REDIR: 0xa61c350 (libc.so.6:strlen) redirected to 0x4a24740 (_vgnU_ifunc_wrapper)
--27000-- REDIR: 0xa6240a0 (libc.so.6:memcpy@@GLIBC_2.14) redirected to 0x4a24740 (_vgnU_ifunc_wrapper)
--27000-- REDIR: 0xa61a640 (libc.so.6:strcat) redirected to 0x4a24740 (_vgnU_ifunc_wrapper)
--27000-- REDIR: 0xa61a900 (libc.so.6:strcmp) redirected to 0x4a24740 (_vgnU_ifunc_wrapper)
--27000-- REDIR: 0xa61c3a0 (libc.so.6:__GI_strlen) redirected to 0x4c2c9d0 (__GI_strlen)
--27000-- REDIR: 0xa61de70 (libc.so.6:__GI_strrchr) redirected to 0x4c2c430 (__GI_strrchr)
--27000-- REDIR: 0xa615160 (libc.so.6:malloc) redirected to 0x4c29b3c (malloc)
--27000-- REDIR: 0xa634ef0 (libc.so.6:__GI_strstr) redirected to 0x4c30ed0 (__strstr_sse2)
--27000-- REDIR: 0xa61e570 (libc.so.6:memchr) redirected to 0x4c2dc60 (memchr)
--27000-- REDIR: 0xa624110 (libc.so.6:__GI_memcpy) redirected to 0x4c2e560 (__GI_memcpy)
--27000-- REDIR: 0xa6354b0 (libc.so.6:strstr) redirected to 0x4a24740 (_vgnU_ifunc_wrapper)
--27000-- REDIR: 0xa6cff30 (libc.so.6:__strstr_sse42) redirected to 0x4c30f60 (__strstr_sse42)
--27000-- REDIR: 0xa615580 (libc.so.6:free) redirected to 0x4c2ac36 (free)
--27000-- REDIR: 0xa61e900 (libc.so.6:__GI_memcmp) redirected to 0x4c2f4b0 (__GI_memcmp)
--27000-- REDIR: 0xa6ce000 (libc.so.6:__strcmp_sse42) redirected to 0x4c2db70 (__strcmp_sse42)
--27000-- REDIR: 0xa6fe8f0 (libc.so.6:__strlen_sse2_pminub) redirected to 0x4c2c9b0 (strlen)
--27000-- REDIR: 0x9bb3eb0 (libstdc++.so.6:operator new(unsigned long)) redirected to 0x4c2a15c (operator new(unsigned long))
--27000-- REDIR: 0xa6e3cb0 (libc.so.6:__memcpy_ssse3_back) redirected to 0x4c2df80 (memcpy@@GLIBC_2.14)
--27000-- REDIR: 0xa615b80 (libc.so.6:calloc) redirected to 0x4c2b8bf (calloc)
--27000-- REDIR: 0xa61de30 (libc.so.6:rindex) redirected to 0x4a24740 (_vgnU_ifunc_wrapper)
--27000-- REDIR: 0xa6cfd90 (libc.so.6:__strrchr_sse42) redirected to 0x4c2c4c0 (__strrchr_sse42)
--27000-- REDIR: 0xa61ddf0 (libc.so.6:strncpy) redirected to 0x4a24740 (_vgnU_ifunc_wrapper)
--27000-- REDIR: 0xa62a2e0 (libc.so.6:__strncpy_sse2_unaligned) redirected to 0x4c2d040 (__strncpy_sse2_unaligned)
--27000-- REDIR: 0xa61c5a0 (libc.so.6:__GI_strncmp) redirected to 0x4c2d200 (__GI_strncmp)
--27000-- REDIR: 0xa61ef40 (libc.so.6:__GI_memset) redirected to 0x4c2fe60 (memset)
--27000-- REDIR: 0x9bb3fc0 (libstdc++.so.6:operator new[](unsigned long)) redirected to 0x4c2a801 (operator new[](unsigned long))
--27000-- REDIR: 0xffffffffff600000 (???:???) redirected to 0x58059db3 (???)
--27000-- REDIR: 0xa6e9250 (libc.so.6:__memmove_ssse3_back) redirected to 0x4c2dd20 (memcpy@GLIBC_2.2.5)
--27000-- REDIR: 0xa61f0b0 (libc.so.6:__GI_mempcpy) redirected to 0x4c30970 (__GI_mempcpy)
--27000-- REDIR: 0xa61ed00 (libc.so.6:__GI_memmove) redirected to 0x4c301b0 (__GI_memmove)
--27000-- REDIR: 0xa61a840 (libc.so.6:index) redirected to 0x4a24740 (_vgnU_ifunc_wrapper)
--27000-- REDIR: 0xa6cdf50 (libc.so.6:__strchr_sse42) redirected to 0x4c2c620 (index)
--27000-- REDIR: 0xa629cb0 (libc.so.6:__strcpy_sse2_unaligned) redirected to 0x4c2ca90 (strcpy)
--27000-- REDIR: 0xa5c9770 (libc.so.6:setenv) redirected to 0x4c31570 (setenv)
--27000-- REDIR: 0xa61a880 (libc.so.6:__GI_strchr) redirected to 0x4c2c560 (__GI_strchr)
--27000-- REDIR: 0x9bb2050 (libstdc++.so.6:operator delete[](void*)) redirected to 0x4c2b596 (operator delete[](void*))
--27000-- REDIR: 0xa625990 (libc.so.6:strchrnul) redirected to 0x4c30760 (strchrnul)
--27000-- REDIR: 0xa6d7a10 (libc.so.6:__strncasecmp_avx) redirected to 0x4c2d430 (strncasecmp)
--27000-- REDIR: 0xa61a940 (libc.so.6:__GI_strcmp) redirected to 0x4c2dad0 (__GI_strcmp)
--27000-- REDIR: 0xa61f5a0 (libc.so.6:__GI_stpcpy) redirected to 0x4c2f8b0 (__GI_stpcpy)
--27000-- Reading syms from /usr/lib64/libnss_compat-2.17.so
--27000-- Reading syms from /usr/lib64/libnsl-2.17.so
--27000-- REDIR: 0xa61bdd0 (libc.so.6:__GI_strcpy) redirected to 0x4c2cb70 (__GI_strcpy)
--27000-- Reading syms from /usr/lib64/libnss_nis-2.17.so
--27000-- Reading syms from /usr/lib64/libnss_files-2.17.so
--27000-- REDIR: 0xa625780 (libc.so.6:__GI___rawmemchr) redirected to 0x4c307c0 (__GI___rawmemchr)
--27000-- REDIR: 0x401aaf0 (ld-linux-x86-64.so.2:stpcpy) redirected to 0x4c2fc30 (stpcpy)
--27000-- REDIR: 0x9bb2020 (libstdc++.so.6:operator delete(void*)) redirected to 0x4c2b0e6 (operator delete(void*))
--27000-- REDIR: 0xa625750 (libc.so.6:rawmemchr) redirected to 0x4a24740 (_vgnU_ifunc_wrapper)
--27000-- REDIR: 0xa6d63a0 (libc.so.6:__strcasecmp_avx) redirected to 0x4c2d350 (strcasecmp)
--27000-- Reading syms from /usr/lib64/libnss_dns-2.17.so
--27000-- REDIR: 0xa61f040 (libc.so.6:mempcpy) redirected to 0x4a24740 (_vgnU_ifunc_wrapper)
--27000-- REDIR: 0xa6e6780 (libc.so.6:__mempcpy_ssse3_back) redirected to 0x4c30880 (mempcpy)
--27000-- REDIR: 0xa61e8c0 (libc.so.6:bcmp) redirected to 0x4a24740 (_vgnU_ifunc_wrapper)
--27000-- REDIR: 0xa6f9220 (libc.so.6:__memcmp_sse4_1) redirected to 0x4c2f5f0 (__memcmp_sse4_1)
--27000-- REDIR: 0xa615660 (libc.so.6:realloc) redirected to 0x4c2ba8e (realloc)
--27000-- Reading syms from /adaqfs/apps/ROOT/6.16-00/lib/libCling.so.6.16.00
--27000-- Reading syms from /usr/lib64/libtinfo.so.5.9
--27000--    object doesn't have a symbol table
--27000-- REDIR: 0x9bb3f40 (libstdc++.so.6:operator new(unsigned long, std::nothrow_t const&)) redirected to 0x4c2a3af (operator new(unsigned long, std::nothrow_t const&))
--27000-- REDIR: 0xffffffffff600400 (???:???) redirected to 0x58059dbd (???)
--27000-- memcheck GC: 1000 nodes, 764 survivors (76.4%)
--27000-- memcheck GC: 1414 new table size (stepup)
--27000-- memcheck GC: 1414 nodes, 1414 survivors (100.0%)
--27000-- memcheck GC: 1999 new table size (stepup)
--27000-- memcheck GC: 1999 nodes, 1999 survivors (100.0%)
--27000-- memcheck GC: 2827 new table size (stepup)
--27000-- memcheck GC: 2827 nodes, 2827 survivors (100.0%)
--27000-- memcheck GC: 3997 new table size (stepup)
--27000-- memcheck GC: 3997 nodes, 3025 survivors (75.7%)
--27000-- memcheck GC: 5652 new table size (stepup)
--27000-- memcheck GC: 5652 nodes, 3025 survivors (53.5%)
--27000-- memcheck GC: 7993 new table size (stepup)
--27000-- memcheck GC: 7993 nodes, 3025 survivors (37.8%)
--27000-- memcheck GC: 8112 new table size (driftup)
--27000-- memcheck GC: 8112 nodes, 3025 survivors (37.3%)
--27000-- memcheck GC: 8233 new table size (driftup)
--27000-- memcheck GC: 8233 nodes, 3025 survivors (36.7%)
--27000-- memcheck GC: 8356 new table size (driftup)
--27000-- memcheck GC: 8356 nodes, 3025 survivors (36.2%)
--27000-- memcheck GC: 8481 new table size (driftup)
--27000-- memcheck GC: 8481 nodes, 3025 survivors (35.7%)
--27000-- memcheck GC: 8608 new table size (driftup)
--27000-- memcheck GC: 8608 nodes, 3025 survivors (35.1%)
--27000-- memcheck GC: 8737 new table size (driftup)
--27000-- memcheck GC: 8737 nodes, 3025 survivors (34.6%)
--27000-- memcheck GC: 8868 new table size (driftup)
--27000-- memcheck GC: 8868 nodes, 3025 survivors (34.1%)
--27000-- memcheck GC: 9001 new table size (driftup)
--27000-- memcheck GC: 9001 nodes, 3025 survivors (33.6%)
--27000-- memcheck GC: 9136 new table size (driftup)
--27000-- memcheck GC: 9136 nodes, 3025 survivors (33.1%)
--27000-- memcheck GC: 9273 new table size (driftup)
--27000-- memcheck GC: 9273 nodes, 3025 survivors (32.6%)
--27000-- memcheck GC: 9412 new table size (driftup)
--27000-- memcheck GC: 9412 nodes, 3025 survivors (32.1%)
--27000-- memcheck GC: 9553 new table size (driftup)
--27000-- memcheck GC: 9553 nodes, 3025 survivors (31.7%)
--27000-- memcheck GC: 9696 new table size (driftup)
--27000-- memcheck GC: 9696 nodes, 3025 survivors (31.2%)
--27000-- memcheck GC: 9841 new table size (driftup)
--27000-- memcheck GC: 9841 nodes, 3025 survivors (30.7%)
--27000-- memcheck GC: 9988 new table size (driftup)
--27000-- memcheck GC: 9988 nodes, 3025 survivors (30.3%)
--27000-- memcheck GC: 10137 new table size (driftup)
--27000-- memcheck GC: 10137 nodes, 3025 survivors (29.8%)
--27000-- memcheck GC: 10289 new table size (driftup)
--27000-- memcheck GC: 10289 nodes, 3579 survivors (34.8%)
--27000-- memcheck GC: 10443 new table size (driftup)
--27000-- REDIR: 0x9bb2040 (libstdc++.so.6:operator delete(void*, std::nothrow_t const&)) redirected to 0x4c2b2a8 (operator delete(void*, std::nothrow_t const&))
--27000-- REDIR: 0xa61c560 (libc.so.6:strncmp) redirected to 0x4a24740 (_vgnU_ifunc_wrapper)
--27000-- REDIR: 0xa6cedb0 (libc.so.6:__strncmp_sse42) redirected to 0x4c2d2e0 (__strncmp_sse42)
--27000-- memcheck GC: 10443 nodes, 7559 survivors (72.4%)
--27000-- memcheck GC: 14768 new table size (stepup)
--27000-- memcheck GC: 14768 nodes, 13141 survivors (89.0%)
--27000-- memcheck GC: 20885 new table size (stepup)
--27000-- memcheck GC: 20885 nodes, 15645 survivors (74.9%)
--27000-- memcheck GC: 29535 new table size (stepup)
--27000-- REDIR: 0xa615a20 (libc.so.6:memalign) redirected to 0x4c2bd5d (memalign)
--27000-- memcheck GC: 29535 nodes, 23345 survivors (79.0%)
--27000-- memcheck GC: 41768 new table size (stepup)
--27000-- memcheck GC: 41768 nodes, 34483 survivors (82.6%)
--27000-- memcheck GC: 59068 new table size (stepup)
  ************************************************
  *                                              *
  *            W E L C O M E  to  the            *
  *       H A L L A   C++  A N A L Y Z E R       *
  *                                              *
  *  Release            1.6.6        Jul 25 2019 *
  *  Based on ROOT  6.16/00          Jan 23 2019 *
  *                                              *
  *            For information visit             *
  *        http://hallaweb.jlab.org/podd/        *
  *                                              *
  ************************************************

Processing setup_debug.C(1966,100)...
--27000-- Reading syms from /adaqfs/home/a-onl/happexsp/ParityData_debug/libParity.so
Error in cling::AutoloadingVisitor::InsertIntoAutoloadingState:
   Missing FileEntry for ParityData.h
   requested to autoload type ParityData
--27000-- memcheck GC: 59068 nodes, 49864 survivors (84.4%)
--27000-- memcheck GC: 83534 new table size (stepup)
--27000-- memcheck GC: 83534 nodes, 62702 survivors (75.1%)
--27000-- memcheck GC: 118134 new table size (stepup)
--27000-- memcheck GC: 118134 nodes, 76830 survivors (65.0%)
--27000-- memcheck GC: 167066 new table size (stepup)
--27000-- memcheck GC: 167066 nodes, 104647 survivors (62.6%)
--27000-- memcheck GC: 236267 new table size (stepup)
--27000-- memcheck GC: 236267 nodes, 158648 survivors (67.1%)
--27000-- memcheck GC: 334131 new table size (stepup)
replay: Try file /adaq1/data1/prexLHRS_1966.dat.0
Overwriting existing output file: /chafs1/work1/prex_counting/prexLHRS_1966_100.root
<THaRunParameters::ReadDatabase>: Opened database file /adaqfs/home/a-onl/happexsp/prex/DB/db_run.dat
OBJ: THaRun	uninitialized run	
Run number: -1
--27000-- REDIR: 0xa61c4b0 (libc.so.6:__GI_strnlen) redirected to 0x4c2c980 (__GI_strnlen)
Run date:   Thu Jul 25 12:09:54 2019
Requested event range: 1-100
Max # scan:     5000
CODA file:      /adaq1/data1/prexLHRS_1966.dat.0
Segment number: 0
--27000-- REDIR: 0xa62cad0 (libc.so.6:__strcat_sse2_unaligned) redirected to 0x4c2c660 (strcat)
cannot open file pardata.map
cannot open file db_P.dat
Opening file /adaqfs/home/a-onl/happexsp/prex/DB/db_P.dat
sinput # Parity Data
sinput # R. Michaels, April 2019
sinput # Comments start with '#'
sinput #
sinput # Here is where to search for the variables of this class.
sinput # Syntax depends on whether crate/word = "crate" or "word".
sinput # If "crate", we are looking into crates by slot and channel.
sinput # if "word", we are looking at a position relative to a header.
sinput # Hence, either:
sinput # name     "crate"   crate-number    slot    channel
sinput # or:
sinput # name     "word"    crate-number    header  num-to-skip
sinput # For the latter case, if one specifies crate-number = 0, then the
sinput # entire event is searched for 'header' (which in this case must be unique).
sinput # If crate-number > 0, then only that crate is searched.
sinput #
sinput # If this file is not existing, THaDecData will use its own internal DefaultMap().
sinput 
sinput # this sort-of works for runs 6840, 27723 of PREX-I but I could not find TDCs
sinput # L-HRS
sinput 
sinput # upper Quartz adc on L-HRS
sinput upQadcL crate   3  19  3
sinput 
sinput # lower(down) Quartz adc on L-HRS
sinput  loQadcL crate   3  19  4
sinput 
sinput # AT (left) in detector adc on L-HRS
sinput atlQadcL crate   3  19  5
sinput 
sinput # AT (right) out  detector adc on L-HRS
sinput atrQadcL crate   3  19  6
sinput 
sinput # Scintillator adc above VDC on L-HRS S0A
sinput S0AadcL crate   3  19  0
sinput 
sinput # Scintillator adc above VDC on L-HRS S0B
sinput S0BadcL crate   3  19  1
sinput 
sinput # Scintillator adc above GEM on L-HRS S3
sinput S3adcL crate   3  19  2
sinput 
sinput # upper Quartz tdc on L-HRS
sinput upQtdcL crate 4  11 35
sinput 
sinput # lower Quartz tdc on L-HRS
sinput loQtdcL crate 4  11 36
sinput 
sinput # AT (left) detector TDC on L-HRS
sinput atlQtdcL crate 4  11  37
sinput 
sinput # AT (right) detector TDC on L-HRS
sinput atrQtdcL crate 4  11  38
sinput 
sinput # Scintillator tdc above VDC on L-HRS S0A
sinput S0AtdcL crate   4  11  32
sinput 
sinput # Scintillator tdc above VDC on L-HRS S0B
sinput S0BtdcL crate   4  11  33
sinput 
sinput 
sinput # Scintillator tdc above GEM detectors on L-HRS S3
sinput S3tdcL crate   4  11  34
sinput 
sinput # R-HRS
sinput 
sinput # upper Quartz adc on R-HRS
sinput upQadcR crate   1  20  35
sinput 
sinput # lower Quartz adc on R-HRS
sinput loQadcR crate   1  20  36
sinput 
sinput # AT (left) detector adc on R-HRS
sinput atlQadcR crate   1  20  37
sinput 
sinput # AT (right) detector adc on R-HRS
sinput atrQadcR crate   1  20  38
sinput 
sinput # Scintillator adc above VDC on R-HRS
sinput S0AadcR crate   1  20  32
sinput 
sinput # Scintillator adc above GEM detectors on R-HRS
sinput S0BadcR crate   1  20  33
sinput 
sinput # Scintillator adc above GEM on R-HRS S3
sinput S3adcR crate  1  20  34
sinput 
sinput # upper Quartz tdc on R-HRS
sinput upQtdcR crate  2  11  35
sinput 
sinput # lower Quartz tdc on R-HRS
sinput loQtdcR  crate  2  11  36
sinput 
sinput # AT (left) detector tdc on R-HRS
sinput atlQtdcR  crate  2 11 37 
sinput 
sinput # AT (right)  detector tdc on R-HRS
sinput atrQtdcR  crate  2 11 38
sinput  
sinput # Scintillator tdc above VDC on R-HRS
sinput S0AtdcR crate   2  11  32
sinput 
sinput # Scintillator tdc above GEM detectors on R-HRS
sinput S0BtdcR crate   2  11  33
sinput 
sinput # Scintillator tdc above GEM detectors on R-HRS S3
sinput S3tdcR crate  2  11  34
sinput fadcR  crate  20  6  0  #don't delete for ParityData.cxx
sinput fadcL  crate  31  5  0  #don't delete for ParityData.cxx
sinput # location of FADC on L-HRS
sinput fadcS0AL  crate  31  5  0
sinput fadcS0BL  crate  31  5  1
sinput fadcS3L  crate  31  5  2
sinput fadcUQL  crate  31  5  3
sinput fadcDQL  crate  31  5  4
sinput fadcATINL  crate  31  5  5  
sinput fadcATOUTL  crate  31  5  6
sinput 
sinput fadcS0AR  crate  20  6  0
sinput fadcS0BR  crate  20  6  1
sinput fadcS3R  crate  20  6  2
sinput fadcUQR  crate  20  6  3
sinput fadcDQR  crate  20  6  4
sinput fadcATINR  crate  20  6  5
sinput fadcATOUTR  crate  20  6  6
sinput 
sinput urastYL  crate  31  6  0
sinput urastXL  crate  31  6  1
sinput drastYL  crate  31  6  2
sinput drastXL  crate  31  6  3
sinput bpmAXPL  crate  31  6  4
sinput bpmAXML  crate  31  6  5
sinput bpmAYPL  crate  31  6  6
sinput bpmAYML  crate  31  6  7
sinput bpmEXPL  crate  31  6  8
sinput bpmEXML  crate  31  6  9
sinput bpmEYPL  crate  31  6  10
sinput bpmEYML  crate  31  6  11
sinput 
Map for Parity Data 
DataLoc upQadcL   crate 3  slot 19   chan 3
DataLoc loQadcL   crate 3  slot 19   chan 4
DataLoc atlQadcL   crate 3  slot 19   chan 5
DataLoc atrQadcL   crate 3  slot 19   chan 6
DataLoc S0AadcL   crate 3  slot 19   chan 0
DataLoc S0BadcL   crate 3  slot 19   chan 1
DataLoc S3adcL   crate 3  slot 19   chan 2
DataLoc upQtdcL   crate 4  slot 11   chan 35
DataLoc loQtdcL   crate 4  slot 11   chan 36
DataLoc atlQtdcL   crate 4  slot 11   chan 37
DataLoc atrQtdcL   crate 4  slot 11   chan 38
DataLoc S0AtdcL   crate 4  slot 11   chan 32
DataLoc S0BtdcL   crate 4  slot 11   chan 33
DataLoc S3tdcL   crate 4  slot 11   chan 34
DataLoc upQadcR   crate 1  slot 20   chan 35
DataLoc loQadcR   crate 1  slot 20   chan 36
DataLoc atlQadcR   crate 1  slot 20   chan 37
DataLoc atrQadcR   crate 1  slot 20   chan 38
DataLoc S0AadcR   crate 1  slot 20   chan 32
DataLoc S0BadcR   crate 1  slot 20   chan 33
DataLoc S3adcR   crate 1  slot 20   chan 34
DataLoc upQtdcR   crate 2  slot 11   chan 35
DataLoc loQtdcR   crate 2  slot 11   chan 36
DataLoc atlQtdcR   crate 2  slot 11   chan 37
DataLoc atrQtdcR   crate 2  slot 11   chan 38
DataLoc S0AtdcR   crate 2  slot 11   chan 32
DataLoc S0BtdcR   crate 2  slot 11   chan 33
DataLoc S3tdcR   crate 2  slot 11   chan 34
DataLoc fadcR   crate 20  slot 6   chan 0
DataLoc fadcL   crate 31  slot 5   chan 0
DataLoc fadcS0AL   crate 31  slot 5   chan 0
DataLoc fadcS0BL   crate 31  slot 5   chan 1
DataLoc fadcS3L   crate 31  slot 5   chan 2
DataLoc fadcUQL   crate 31  slot 5   chan 3
DataLoc fadcDQL   crate 31  slot 5   chan 4
DataLoc fadcATINL   crate 31  slot 5   chan 5
DataLoc fadcATOUTL   crate 31  slot 5   chan 6
DataLoc fadcS0AR   crate 20  slot 6   chan 0
DataLoc fadcS0BR   crate 20  slot 6   chan 1
DataLoc fadcS3R   crate 20  slot 6   chan 2
DataLoc fadcUQR   crate 20  slot 6   chan 3
DataLoc fadcDQR   crate 20  slot 6   chan 4
DataLoc fadcATINR   crate 20  slot 6   chan 5
DataLoc fadcATOUTR   crate 20  slot 6   chan 6
DataLoc urastYL   crate 31  slot 6   chan 0
DataLoc urastXL   crate 31  slot 6   chan 1
DataLoc drastYL   crate 31  slot 6   chan 2
DataLoc drastXL   crate 31  slot 6   chan 3
DataLoc bpmAXPL   crate 31  slot 6   chan 4
DataLoc bpmAXML   crate 31  slot 6   chan 5
DataLoc bpmAYPL   crate 31  slot 6   chan 6
DataLoc bpmAYML   crate 31  slot 6   chan 7
DataLoc bpmEXPL   crate 31  slot 6   chan 8
DataLoc bpmEXML   crate 31  slot 6   chan 9
DataLoc bpmEYPL   crate 31  slot 6   chan 10
DataLoc bpmEYML   crate 31  slot 6   chan 11
DataLoc Lbit1   crate 5  slot 16   chan 0
DataLoc Rbit1   crate 6  slot 16   chan 48
DataLoc Lbit2   crate 5  slot 16   chan 1
DataLoc Rbit2   crate 6  slot 16   chan 49
DataLoc Lbit3   crate 5  slot 16   chan 2
DataLoc Rbit3   crate 6  slot 16   chan 50
DataLoc Lbit4   crate 5  slot 16   chan 3
DataLoc Rbit4   crate 6  slot 16   chan 51
DataLoc Lbit5   crate 5  slot 16   chan 4
DataLoc Rbit5   crate 6  slot 16   chan 52
DataLoc Lbit6   crate 5  slot 16   chan 5
DataLoc Rbit6   crate 6  slot 16   chan 53
DataLoc Lbit7   crate 5  slot 16   chan 6
DataLoc Rbit7   crate 6  slot 16   chan 54
DataLoc Lbit8   crate 5  slot 16   chan 7
DataLoc Rbit8   crate 6  slot 16   chan 55
<OpenFile()>: Opened database file /adaqfs/home/a-onl/happexsp/prex/DB/db_LeftScalevt.dat
<OpenFile()>: Opened database file /adaqfs/home/a-onl/happexsp/prex/DB/db_RightScalevt.dat
Howdy !  We are initializing THaEpicsEvtHandler !!   name =   epics
--27000-- REDIR: 0xa61e2a0 (libc.so.6:strspn) redirected to 0x4a24740 (_vgnU_ifunc_wrapper)
--27000-- REDIR: 0xa6d6280 (libc.so.6:__strspn_sse42) redirected to 0x4c31130 (strspn)
--27000-- REDIR: 0xa61df10 (libc.so.6:strpbrk) redirected to 0x4a24740 (_vgnU_ifunc_wrapper)
--27000-- REDIR: 0xa6d6160 (libc.so.6:__strpbrk_sse42) redirected to 0x4c30ff0 (strpbrk)
==27000== Conditional jump or move depends on uninitialised value(s)
==27000==    at 0x4F78546: THaVform::Init() (THaVform.C:324)
==27000==    by 0x4F7BA73: THaVhist::Init() (THaVhist.C:133)
==27000==    by 0x4F2CDD6: THaOutput::Init(char const*) (THaOutput.C:379)
==27000==    by 0x4F00D18: THaAnalyzer::DoInit(THaRunBase*) (THaAnalyzer.C:722)
==27000==    by 0x4EFE163: THaAnalyzer::Init(THaRunBase*) (THaAnalyzer.C:491)
==27000==    by 0x4EFFBC3: THaAnalyzer::Process(THaRunBase*) (THaAnalyzer.C:1323)
==27000==    by 0x40A60A1: ???
==27000==    by 0x40A5EF1: ???
==27000==    by 0x404C07F: ???
==27000==    by 0xFEF8F8B: cling::Interpreter::RunFunction(clang::FunctionDecl const*, cling::Value*) (in /adaqfs/apps/ROOT/6.16-00/lib/libCling.so.6.16.00)
==27000==    by 0xFEF9A68: cling::Interpreter::EvaluateInternal(std::string const&, cling::CompilationOptions, cling::Value*, cling::Transaction**, unsigned long) (in /adaqfs/apps/ROOT/6.16-00/lib/libCling.so.6.16.00)
==27000==    by 0xFEFA1DF: cling::Interpreter::echo(std::string const&, cling::Value*) (in /adaqfs/apps/ROOT/6.16-00/lib/libCling.so.6.16.00)
==27000==  Uninitialised value was created by a heap allocation
==27000==    at 0x4C2A1E3: operator new(unsigned long) (vg_replace_malloc.c:334)
==27000==    by 0x1C3BBFFD: ParityData::SetupParData(TDatime const*, THaAnalysisObject::EMode) (ParityData.cxx:247)
==27000==    by 0x1C3BCC28: ParityData::Init(TDatime const&) (ParityData.cxx:355)
==27000==    by 0x4EFEFD1: THaAnalyzer::InitModules(TList*, TDatime&, int, char const*) (THaAnalyzer.C:457)
==27000==    by 0x4F00BA0: THaAnalyzer::DoInit(THaRunBase*) (THaAnalyzer.C:694)
==27000==    by 0x4EFE163: THaAnalyzer::Init(THaRunBase*) (THaAnalyzer.C:491)
==27000==    by 0x4EFFBC3: THaAnalyzer::Process(THaRunBase*) (THaAnalyzer.C:1323)
==27000==    by 0x40A60A1: ???
==27000==    by 0x40A5EF1: ???
==27000==    by 0x404C07F: ???
==27000==    by 0xFEF8F8B: cling::Interpreter::RunFunction(clang::FunctionDecl const*, cling::Value*) (in /adaqfs/apps/ROOT/6.16-00/lib/libCling.so.6.16.00)
==27000==    by 0xFEF9A68: cling::Interpreter::EvaluateInternal(std::string const&, cling::CompilationOptions, cling::Value*, cling::Transaction**, unsigned long) (in /adaqfs/apps/ROOT/6.16-00/lib/libCling.so.6.16.00)
==27000== 
==27000== Conditional jump or move depends on uninitialised value(s)
==27000==    at 0x4F78739: THaVform::Init() (THaVform.C:352)
==27000==    by 0x4F7BA73: THaVhist::Init() (THaVhist.C:133)
==27000==    by 0x4F2CDD6: THaOutput::Init(char const*) (THaOutput.C:379)
==27000==    by 0x4F00D18: THaAnalyzer::DoInit(THaRunBase*) (THaAnalyzer.C:722)
==27000==    by 0x4EFE163: THaAnalyzer::Init(THaRunBase*) (THaAnalyzer.C:491)
==27000==    by 0x4EFFBC3: THaAnalyzer::Process(THaRunBase*) (THaAnalyzer.C:1323)
==27000==    by 0x40A60A1: ???
==27000==    by 0x40A5EF1: ???
==27000==    by 0x404C07F: ???
==27000==    by 0xFEF8F8B: cling::Interpreter::RunFunction(clang::FunctionDecl const*, cling::Value*) (in /adaqfs/apps/ROOT/6.16-00/lib/libCling.so.6.16.00)
==27000==    by 0xFEF9A68: cling::Interpreter::EvaluateInternal(std::string const&, cling::CompilationOptions, cling::Value*, cling::Transaction**, unsigned long) (in /adaqfs/apps/ROOT/6.16-00/lib/libCling.so.6.16.00)
==27000==    by 0xFEFA1DF: cling::Interpreter::echo(std::string const&, cling::Value*) (in /adaqfs/apps/ROOT/6.16-00/lib/libCling.so.6.16.00)
==27000==  Uninitialised value was created by a heap allocation
==27000==    at 0x4C2A1E3: operator new(unsigned long) (vg_replace_malloc.c:334)
==27000==    by 0x1C3BBFFD: ParityData::SetupParData(TDatime const*, THaAnalysisObject::EMode) (ParityData.cxx:247)
==27000==    by 0x1C3BCC28: ParityData::Init(TDatime const&) (ParityData.cxx:355)
==27000==    by 0x4EFEFD1: THaAnalyzer::InitModules(TList*, TDatime&, int, char const*) (THaAnalyzer.C:457)
==27000==    by 0x4F00BA0: THaAnalyzer::DoInit(THaRunBase*) (THaAnalyzer.C:694)
==27000==    by 0x4EFE163: THaAnalyzer::Init(THaRunBase*) (THaAnalyzer.C:491)
==27000==    by 0x4EFFBC3: THaAnalyzer::Process(THaRunBase*) (THaAnalyzer.C:1323)
==27000==    by 0x40A60A1: ???
==27000==    by 0x40A5EF1: ???
==27000==    by 0x404C07F: ???
==27000==    by 0xFEF8F8B: cling::Interpreter::RunFunction(clang::FunctionDecl const*, cling::Value*) (in /adaqfs/apps/ROOT/6.16-00/lib/libCling.so.6.16.00)
==27000==    by 0xFEF9A68: cling::Interpreter::EvaluateInternal(std::string const&, cling::CompilationOptions, cling::Value*, cling::Transaction**, unsigned long) (in /adaqfs/apps/ROOT/6.16-00/lib/libCling.so.6.16.00)
==27000== 
==27000== Conditional jump or move depends on uninitialised value(s)
==27000==    at 0x4F787E5: THaVform::Init() (THaVform.C:357)
==27000==    by 0x4F7BA73: THaVhist::Init() (THaVhist.C:133)
==27000==    by 0x4F2CDD6: THaOutput::Init(char const*) (THaOutput.C:379)
==27000==    by 0x4F00D18: THaAnalyzer::DoInit(THaRunBase*) (THaAnalyzer.C:722)
==27000==    by 0x4EFE163: THaAnalyzer::Init(THaRunBase*) (THaAnalyzer.C:491)
==27000==    by 0x4EFFBC3: THaAnalyzer::Process(THaRunBase*) (THaAnalyzer.C:1323)
==27000==    by 0x40A60A1: ???
==27000==    by 0x40A5EF1: ???
==27000==    by 0x404C07F: ???
==27000==    by 0xFEF8F8B: cling::Interpreter::RunFunction(clang::FunctionDecl const*, cling::Value*) (in /adaqfs/apps/ROOT/6.16-00/lib/libCling.so.6.16.00)
==27000==    by 0xFEF9A68: cling::Interpreter::EvaluateInternal(std::string const&, cling::CompilationOptions, cling::Value*, cling::Transaction**, unsigned long) (in /adaqfs/apps/ROOT/6.16-00/lib/libCling.so.6.16.00)
==27000==    by 0xFEFA1DF: cling::Interpreter::echo(std::string const&, cling::Value*) (in /adaqfs/apps/ROOT/6.16-00/lib/libCling.so.6.16.00)
==27000==  Uninitialised value was created by a heap allocation
==27000==    at 0x4C2A1E3: operator new(unsigned long) (vg_replace_malloc.c:334)
==27000==    by 0x1C3BBFFD: ParityData::SetupParData(TDatime const*, THaAnalysisObject::EMode) (ParityData.cxx:247)
==27000==    by 0x1C3BCC28: ParityData::Init(TDatime const&) (ParityData.cxx:355)
==27000==    by 0x4EFEFD1: THaAnalyzer::InitModules(TList*, TDatime&, int, char const*) (THaAnalyzer.C:457)
==27000==    by 0x4F00BA0: THaAnalyzer::DoInit(THaRunBase*) (THaAnalyzer.C:694)
==27000==    by 0x4EFE163: THaAnalyzer::Init(THaRunBase*) (THaAnalyzer.C:491)
==27000==    by 0x4EFFBC3: THaAnalyzer::Process(THaRunBase*) (THaAnalyzer.C:1323)
==27000==    by 0x40A60A1: ???
==27000==    by 0x40A5EF1: ???
==27000==    by 0x404C07F: ???
==27000==    by 0xFEF8F8B: cling::Interpreter::RunFunction(clang::FunctionDecl const*, cling::Value*) (in /adaqfs/apps/ROOT/6.16-00/lib/libCling.so.6.16.00)
==27000==    by 0xFEF9A68: cling::Interpreter::EvaluateInternal(std::string const&, cling::CompilationOptions, cling::Value*, cling::Transaction**, unsigned long) (in /adaqfs/apps/ROOT/6.16-00/lib/libCling.so.6.16.00)
==27000== 
==27000== Conditional jump or move depends on uninitialised value(s)
==27000==    at 0x4F78A2B: THaVform::Init() (THaVform.C:381)
==27000==    by 0x4F7BA73: THaVhist::Init() (THaVhist.C:133)
==27000==    by 0x4F2CDD6: THaOutput::Init(char const*) (THaOutput.C:379)
==27000==    by 0x4F00D18: THaAnalyzer::DoInit(THaRunBase*) (THaAnalyzer.C:722)
==27000==    by 0x4EFE163: THaAnalyzer::Init(THaRunBase*) (THaAnalyzer.C:491)
==27000==    by 0x4EFFBC3: THaAnalyzer::Process(THaRunBase*) (THaAnalyzer.C:1323)
==27000==    by 0x40A60A1: ???
==27000==    by 0x40A5EF1: ???
==27000==    by 0x404C07F: ???
==27000==    by 0xFEF8F8B: cling::Interpreter::RunFunction(clang::FunctionDecl const*, cling::Value*) (in /adaqfs/apps/ROOT/6.16-00/lib/libCling.so.6.16.00)
==27000==    by 0xFEF9A68: cling::Interpreter::EvaluateInternal(std::string const&, cling::CompilationOptions, cling::Value*, cling::Transaction**, unsigned long) (in /adaqfs/apps/ROOT/6.16-00/lib/libCling.so.6.16.00)
==27000==    by 0xFEFA1DF: cling::Interpreter::echo(std::string const&, cling::Value*) (in /adaqfs/apps/ROOT/6.16-00/lib/libCling.so.6.16.00)
==27000==  Uninitialised value was created by a heap allocation
==27000==    at 0x4C2A1E3: operator new(unsigned long) (vg_replace_malloc.c:334)
==27000==    by 0x1C3BBFFD: ParityData::SetupParData(TDatime const*, THaAnalysisObject::EMode) (ParityData.cxx:247)
==27000==    by 0x1C3BCC28: ParityData::Init(TDatime const&) (ParityData.cxx:355)
==27000==    by 0x4EFEFD1: THaAnalyzer::InitModules(TList*, TDatime&, int, char const*) (THaAnalyzer.C:457)
==27000==    by 0x4F00BA0: THaAnalyzer::DoInit(THaRunBase*) (THaAnalyzer.C:694)
==27000==    by 0x4EFE163: THaAnalyzer::Init(THaRunBase*) (THaAnalyzer.C:491)
==27000==    by 0x4EFFBC3: THaAnalyzer::Process(THaRunBase*) (THaAnalyzer.C:1323)
==27000==    by 0x40A60A1: ???
==27000==    by 0x40A5EF1: ???
==27000==    by 0x404C07F: ???
==27000==    by 0xFEF8F8B: cling::Interpreter::RunFunction(clang::FunctionDecl const*, cling::Value*) (in /adaqfs/apps/ROOT/6.16-00/lib/libCling.so.6.16.00)
==27000==    by 0xFEF9A68: cling::Interpreter::EvaluateInternal(std::string const&, cling::CompilationOptions, cling::Value*, cling::Transaction**, unsigned long) (in /adaqfs/apps/ROOT/6.16-00/lib/libCling.so.6.16.00)
==27000== 
==27000== Conditional jump or move depends on uninitialised value(s)
==27000==    at 0x4F77A98: THaVform::MakeFormula(int, int) (THaVform.C:437)
==27000==    by 0x4F78A98: THaVform::Init() (THaVform.C:387)
==27000==    by 0x4F7BA73: THaVhist::Init() (THaVhist.C:133)
==27000==    by 0x4F2CDD6: THaOutput::Init(char const*) (THaOutput.C:379)
==27000==    by 0x4F00D18: THaAnalyzer::DoInit(THaRunBase*) (THaAnalyzer.C:722)
==27000==    by 0x4EFE163: THaAnalyzer::Init(THaRunBase*) (THaAnalyzer.C:491)
==27000==    by 0x4EFFBC3: THaAnalyzer::Process(THaRunBase*) (THaAnalyzer.C:1323)
==27000==    by 0x40A60A1: ???
==27000==    by 0x40A5EF1: ???
==27000==    by 0x404C07F: ???
==27000==    by 0xFEF8F8B: cling::Interpreter::RunFunction(clang::FunctionDecl const*, cling::Value*) (in /adaqfs/apps/ROOT/6.16-00/lib/libCling.so.6.16.00)
==27000==    by 0xFEF9A68: cling::Interpreter::EvaluateInternal(std::string const&, cling::CompilationOptions, cling::Value*, cling::Transaction**, unsigned long) (in /adaqfs/apps/ROOT/6.16-00/lib/libCling.so.6.16.00)
==27000==  Uninitialised value was created by a heap allocation
==27000==    at 0x4C2A1E3: operator new(unsigned long) (vg_replace_malloc.c:334)
==27000==    by 0x1C3BBFFD: ParityData::SetupParData(TDatime const*, THaAnalysisObject::EMode) (ParityData.cxx:247)
==27000==    by 0x1C3BCC28: ParityData::Init(TDatime const&) (ParityData.cxx:355)
==27000==    by 0x4EFEFD1: THaAnalyzer::InitModules(TList*, TDatime&, int, char const*) (THaAnalyzer.C:457)
==27000==    by 0x4F00BA0: THaAnalyzer::DoInit(THaRunBase*) (THaAnalyzer.C:694)
==27000==    by 0x4EFE163: THaAnalyzer::Init(THaRunBase*) (THaAnalyzer.C:491)
==27000==    by 0x4EFFBC3: THaAnalyzer::Process(THaRunBase*) (THaAnalyzer.C:1323)
==27000==    by 0x40A60A1: ???
==27000==    by 0x40A5EF1: ???
==27000==    by 0x404C07F: ???
==27000==    by 0xFEF8F8B: cling::Interpreter::RunFunction(clang::FunctionDecl const*, cling::Value*) (in /adaqfs/apps/ROOT/6.16-00/lib/libCling.so.6.16.00)
==27000==    by 0xFEF9A68: cling::Interpreter::EvaluateInternal(std::string const&, cling::CompilationOptions, cling::Value*, cling::Transaction**, unsigned long) (in /adaqfs/apps/ROOT/6.16-00/lib/libCling.so.6.16.00)
==27000== 
==27000== Conditional jump or move depends on uninitialised value(s)
==27000==    at 0x4F77AA7: THaVform::MakeFormula(int, int) (THaVform.C:438)
==27000==    by 0x4F78A98: THaVform::Init() (THaVform.C:387)
==27000==    by 0x4F7BA73: THaVhist::Init() (THaVhist.C:133)
==27000==    by 0x4F2CDD6: THaOutput::Init(char const*) (THaOutput.C:379)
==27000==    by 0x4F00D18: THaAnalyzer::DoInit(THaRunBase*) (THaAnalyzer.C:722)
==27000==    by 0x4EFE163: THaAnalyzer::Init(THaRunBase*) (THaAnalyzer.C:491)
==27000==    by 0x4EFFBC3: THaAnalyzer::Process(THaRunBase*) (THaAnalyzer.C:1323)
==27000==    by 0x40A60A1: ???
==27000==    by 0x40A5EF1: ???
==27000==    by 0x404C07F: ???
==27000==    by 0xFEF8F8B: cling::Interpreter::RunFunction(clang::FunctionDecl const*, cling::Value*) (in /adaqfs/apps/ROOT/6.16-00/lib/libCling.so.6.16.00)
==27000==    by 0xFEF9A68: cling::Interpreter::EvaluateInternal(std::string const&, cling::CompilationOptions, cling::Value*, cling::Transaction**, unsigned long) (in /adaqfs/apps/ROOT/6.16-00/lib/libCling.so.6.16.00)
==27000==  Uninitialised value was created by a heap allocation
==27000==    at 0x4C2A1E3: operator new(unsigned long) (vg_replace_malloc.c:334)
==27000==    by 0x1C3BBFFD: ParityData::SetupParData(TDatime const*, THaAnalysisObject::EMode) (ParityData.cxx:247)
==27000==    by 0x1C3BCC28: ParityData::Init(TDatime const&) (ParityData.cxx:355)
==27000==    by 0x4EFEFD1: THaAnalyzer::InitModules(TList*, TDatime&, int, char const*) (THaAnalyzer.C:457)
==27000==    by 0x4F00BA0: THaAnalyzer::DoInit(THaRunBase*) (THaAnalyzer.C:694)
==27000==    by 0x4EFE163: THaAnalyzer::Init(THaRunBase*) (THaAnalyzer.C:491)
==27000==    by 0x4EFFBC3: THaAnalyzer::Process(THaRunBase*) (THaAnalyzer.C:1323)
==27000==    by 0x40A60A1: ???
==27000==    by 0x40A5EF1: ???
==27000==    by 0x404C07F: ???
==27000==    by 0xFEF8F8B: cling::Interpreter::RunFunction(clang::FunctionDecl const*, cling::Value*) (in /adaqfs/apps/ROOT/6.16-00/lib/libCling.so.6.16.00)
==27000==    by 0xFEF9A68: cling::Interpreter::EvaluateInternal(std::string const&, cling::CompilationOptions, cling::Value*, cling::Transaction**, unsigned long) (in /adaqfs/apps/ROOT/6.16-00/lib/libCling.so.6.16.00)
==27000== 
THaVform::WARNING: Asking for a too-huge number of formulas !!
Truncating at 10000
==27000== Conditional jump or move depends on uninitialised value(s)
==27000==    at 0x4F79E21: THaVhist::FindVarSize() (THaVhist.C:364)
==27000==    by 0x4F7BDD4: THaVhist::Init() (THaVhist.C:177)
==27000==    by 0x4F2CDD6: THaOutput::Init(char const*) (THaOutput.C:379)
==27000==    by 0x4F00D18: THaAnalyzer::DoInit(THaRunBase*) (THaAnalyzer.C:722)
==27000==    by 0x4EFE163: THaAnalyzer::Init(THaRunBase*) (THaAnalyzer.C:491)
==27000==    by 0x4EFFBC3: THaAnalyzer::Process(THaRunBase*) (THaAnalyzer.C:1323)
==27000==    by 0x40A60A1: ???
==27000==    by 0x40A5EF1: ???
==27000==    by 0x404C07F: ???
==27000==    by 0xFEF8F8B: cling::Interpreter::RunFunction(clang::FunctionDecl const*, cling::Value*) (in /adaqfs/apps/ROOT/6.16-00/lib/libCling.so.6.16.00)
==27000==    by 0xFEF9A68: cling::Interpreter::EvaluateInternal(std::string const&, cling::CompilationOptions, cling::Value*, cling::Transaction**, unsigned long) (in /adaqfs/apps/ROOT/6.16-00/lib/libCling.so.6.16.00)
==27000==    by 0xFEFA1DF: cling::Interpreter::echo(std::string const&, cling::Value*) (in /adaqfs/apps/ROOT/6.16-00/lib/libCling.so.6.16.00)
==27000==  Uninitialised value was created by a heap allocation
==27000==    at 0x4C2A1E3: operator new(unsigned long) (vg_replace_malloc.c:334)
==27000==    by 0x1C3BBFFD: ParityData::SetupParData(TDatime const*, THaAnalysisObject::EMode) (ParityData.cxx:247)
==27000==    by 0x1C3BCC28: ParityData::Init(TDatime const&) (ParityData.cxx:355)
==27000==    by 0x4EFEFD1: THaAnalyzer::InitModules(TList*, TDatime&, int, char const*) (THaAnalyzer.C:457)
==27000==    by 0x4F00BA0: THaAnalyzer::DoInit(THaRunBase*) (THaAnalyzer.C:694)
==27000==    by 0x4EFE163: THaAnalyzer::Init(THaRunBase*) (THaAnalyzer.C:491)
==27000==    by 0x4EFFBC3: THaAnalyzer::Process(THaRunBase*) (THaAnalyzer.C:1323)
==27000==    by 0x40A60A1: ???
==27000==    by 0x40A5EF1: ???
==27000==    by 0x404C07F: ???
==27000==    by 0xFEF8F8B: cling::Interpreter::RunFunction(clang::FunctionDecl const*, cling::Value*) (in /adaqfs/apps/ROOT/6.16-00/lib/libCling.so.6.16.00)
==27000==    by 0xFEF9A68: cling::Interpreter::EvaluateInternal(std::string const&, cling::CompilationOptions, cling::Value*, cling::Transaction**, unsigned long) (in /adaqfs/apps/ROOT/6.16-00/lib/libCling.so.6.16.00)
==27000== 
==27000== Conditional jump or move depends on uninitialised value(s)
==27000==    at 0x4F77BCC: THaVform::MakeFormula(int, int) (THaVform.C:446)
==27000==    by 0x4F78A98: THaVform::Init() (THaVform.C:387)
==27000==    by 0x4F7BA73: THaVhist::Init() (THaVhist.C:133)
==27000==    by 0x4F2CDD6: THaOutput::Init(char const*) (THaOutput.C:379)
==27000==    by 0x4F00D18: THaAnalyzer::DoInit(THaRunBase*) (THaAnalyzer.C:722)
==27000==    by 0x4EFE163: THaAnalyzer::Init(THaRunBase*) (THaAnalyzer.C:491)
==27000==    by 0x4EFFBC3: THaAnalyzer::Process(THaRunBase*) (THaAnalyzer.C:1323)
==27000==    by 0x40A60A1: ???
==27000==    by 0x40A5EF1: ???
==27000==    by 0x404C07F: ???
==27000==    by 0xFEF8F8B: cling::Interpreter::RunFunction(clang::FunctionDecl const*, cling::Value*) (in /adaqfs/apps/ROOT/6.16-00/lib/libCling.so.6.16.00)
==27000==    by 0xFEF9A68: cling::Interpreter::EvaluateInternal(std::string const&, cling::CompilationOptions, cling::Value*, cling::Transaction**, unsigned long) (in /adaqfs/apps/ROOT/6.16-00/lib/libCling.so.6.16.00)
==27000==  Uninitialised value was created by a heap allocation
==27000==    at 0x4C2A1E3: operator new(unsigned long) (vg_replace_malloc.c:334)
==27000==    by 0x1C3BBFFD: ParityData::SetupParData(TDatime const*, THaAnalysisObject::EMode) (ParityData.cxx:247)
==27000==    by 0x1C3BCC28: ParityData::Init(TDatime const&) (ParityData.cxx:355)
==27000==    by 0x4EFEFD1: THaAnalyzer::InitModules(TList*, TDatime&, int, char const*) (THaAnalyzer.C:457)
==27000==    by 0x4F00BA0: THaAnalyzer::DoInit(THaRunBase*) (THaAnalyzer.C:694)
==27000==    by 0x4EFE163: THaAnalyzer::Init(THaRunBase*) (THaAnalyzer.C:491)
==27000==    by 0x4EFFBC3: THaAnalyzer::Process(THaRunBase*) (THaAnalyzer.C:1323)
==27000==    by 0x40A60A1: ???
==27000==    by 0x40A5EF1: ???
==27000==    by 0x404C07F: ???
==27000==    by 0xFEF8F8B: cling::Interpreter::RunFunction(clang::FunctionDecl const*, cling::Value*) (in /adaqfs/apps/ROOT/6.16-00/lib/libCling.so.6.16.00)
==27000==    by 0xFEF9A68: cling::Interpreter::EvaluateInternal(std::string const&, cling::CompilationOptions, cling::Value*, cling::Transaction**, unsigned long) (in /adaqfs/apps/ROOT/6.16-00/lib/libCling.so.6.16.00)
==27000== 
==27000== Conditional jump or move depends on uninitialised value(s)
==27000==    at 0x4F7668B: THaVform::GetForm(int) (THaVform.C:793)
==27000==    by 0x4F77BD8: THaVform::MakeFormula(int, int) (THaVform.C:446)
==27000==    by 0x4F78A98: THaVform::Init() (THaVform.C:387)
==27000==    by 0x4F7BA73: THaVhist::Init() (THaVhist.C:133)
==27000==    by 0x4F2CDD6: THaOutput::Init(char const*) (THaOutput.C:379)
==27000==    by 0x4F00D18: THaAnalyzer::DoInit(THaRunBase*) (THaAnalyzer.C:722)
==27000==    by 0x4EFE163: THaAnalyzer::Init(THaRunBase*) (THaAnalyzer.C:491)
==27000==    by 0x4EFFBC3: THaAnalyzer::Process(THaRunBase*) (THaAnalyzer.C:1323)
==27000==    by 0x40A60A1: ???
==27000==    by 0x40A5EF1: ???
==27000==    by 0x404C07F: ???
==27000==    by 0xFEF8F8B: cling::Interpreter::RunFunction(clang::FunctionDecl const*, cling::Value*) (in /adaqfs/apps/ROOT/6.16-00/lib/libCling.so.6.16.00)
==27000==  Uninitialised value was created by a heap allocation
==27000==    at 0x4C2A1E3: operator new(unsigned long) (vg_replace_malloc.c:334)
==27000==    by 0x1C3BBFFD: ParityData::SetupParData(TDatime const*, THaAnalysisObject::EMode) (ParityData.cxx:247)
==27000==    by 0x1C3BCC28: ParityData::Init(TDatime const&) (ParityData.cxx:355)
==27000==    by 0x4EFEFD1: THaAnalyzer::InitModules(TList*, TDatime&, int, char const*) (THaAnalyzer.C:457)
==27000==    by 0x4F00BA0: THaAnalyzer::DoInit(THaRunBase*) (THaAnalyzer.C:694)
==27000==    by 0x4EFE163: THaAnalyzer::Init(THaRunBase*) (THaAnalyzer.C:491)
==27000==    by 0x4EFFBC3: THaAnalyzer::Process(THaRunBase*) (THaAnalyzer.C:1323)
==27000==    by 0x40A60A1: ???
==27000==    by 0x40A5EF1: ???
==27000==    by 0x404C07F: ???
==27000==    by 0xFEF8F8B: cling::Interpreter::RunFunction(clang::FunctionDecl const*, cling::Value*) (in /adaqfs/apps/ROOT/6.16-00/lib/libCling.so.6.16.00)
==27000==    by 0xFEF9A68: cling::Interpreter::EvaluateInternal(std::string const&, cling::CompilationOptions, cling::Value*, cling::Transaction**, unsigned long) (in /adaqfs/apps/ROOT/6.16-00/lib/libCling.so.6.16.00)
==27000== 
==27000== Conditional jump or move depends on uninitialised value(s)
==27000==    at 0x4F76C4B: THaVform::GetForm(int) (THaVform.C:793)
==27000==    by 0x4F77BD8: THaVform::MakeFormula(int, int) (THaVform.C:446)
==27000==    by 0x4F78A98: THaVform::Init() (THaVform.C:387)
==27000==    by 0x4F7BA73: THaVhist::Init() (THaVhist.C:133)
==27000==    by 0x4F2CDD6: THaOutput::Init(char const*) (THaOutput.C:379)
==27000==    by 0x4F00D18: THaAnalyzer::DoInit(THaRunBase*) (THaAnalyzer.C:722)
==27000==    by 0x4EFE163: THaAnalyzer::Init(THaRunBase*) (THaAnalyzer.C:491)
==27000==    by 0x4EFFBC3: THaAnalyzer::Process(THaRunBase*) (THaAnalyzer.C:1323)
==27000==    by 0x40A60A1: ???
==27000==    by 0x40A5EF1: ???
==27000==    by 0x404C07F: ???
==27000==    by 0xFEF8F8B: cling::Interpreter::RunFunction(clang::FunctionDecl const*, cling::Value*) (in /adaqfs/apps/ROOT/6.16-00/lib/libCling.so.6.16.00)
==27000==  Uninitialised value was created by a heap allocation
==27000==    at 0x4C2A1E3: operator new(unsigned long) (vg_replace_malloc.c:334)
==27000==    by 0x1C3BBFFD: ParityData::SetupParData(TDatime const*, THaAnalysisObject::EMode) (ParityData.cxx:247)
==27000==    by 0x1C3BCC28: ParityData::Init(TDatime const&) (ParityData.cxx:355)
==27000==    by 0x4EFEFD1: THaAnalyzer::InitModules(TList*, TDatime&, int, char const*) (THaAnalyzer.C:457)
==27000==    by 0x4F00BA0: THaAnalyzer::DoInit(THaRunBase*) (THaAnalyzer.C:694)
==27000==    by 0x4EFE163: THaAnalyzer::Init(THaRunBase*) (THaAnalyzer.C:491)
==27000==    by 0x4EFFBC3: THaAnalyzer::Process(THaRunBase*) (THaAnalyzer.C:1323)
==27000==    by 0x40A60A1: ???
==27000==    by 0x40A5EF1: ???
==27000==    by 0x404C07F: ???
==27000==    by 0xFEF8F8B: cling::Interpreter::RunFunction(clang::FunctionDecl const*, cling::Value*) (in /adaqfs/apps/ROOT/6.16-00/lib/libCling.so.6.16.00)
==27000==    by 0xFEF9A68: cling::Interpreter::EvaluateInternal(std::string const&, cling::CompilationOptions, cling::Value*, cling::Transaction**, unsigned long) (in /adaqfs/apps/ROOT/6.16-00/lib/libCling.so.6.16.00)
==27000== 
==27000== Conditional jump or move depends on uninitialised value(s)
==27000==    at 0x4F77BEE: THaVform::MakeFormula(int, int) (THaVform.C:448)
==27000==    by 0x4F78A98: THaVform::Init() (THaVform.C:387)
==27000==    by 0x4F7BA73: THaVhist::Init() (THaVhist.C:133)
==27000==    by 0x4F2CDD6: THaOutput::Init(char const*) (THaOutput.C:379)
==27000==    by 0x4F00D18: THaAnalyzer::DoInit(THaRunBase*) (THaAnalyzer.C:722)
==27000==    by 0x4EFE163: THaAnalyzer::Init(THaRunBase*) (THaAnalyzer.C:491)
==27000==    by 0x4EFFBC3: THaAnalyzer::Process(THaRunBase*) (THaAnalyzer.C:1323)
==27000==    by 0x40A60A1: ???
==27000==    by 0x40A5EF1: ???
==27000==    by 0x404C07F: ???
==27000==    by 0xFEF8F8B: cling::Interpreter::RunFunction(clang::FunctionDecl const*, cling::Value*) (in /adaqfs/apps/ROOT/6.16-00/lib/libCling.so.6.16.00)
==27000==    by 0xFEF9A68: cling::Interpreter::EvaluateInternal(std::string const&, cling::CompilationOptions, cling::Value*, cling::Transaction**, unsigned long) (in /adaqfs/apps/ROOT/6.16-00/lib/libCling.so.6.16.00)
==27000==  Uninitialised value was created by a heap allocation
==27000==    at 0x4C2A1E3: operator new(unsigned long) (vg_replace_malloc.c:334)
==27000==    by 0x1C3BBFFD: ParityData::SetupParData(TDatime const*, THaAnalysisObject::EMode) (ParityData.cxx:247)
==27000==    by 0x1C3BCC28: ParityData::Init(TDatime const&) (ParityData.cxx:355)
==27000==    by 0x4EFEFD1: THaAnalyzer::InitModules(TList*, TDatime&, int, char const*) (THaAnalyzer.C:457)
==27000==    by 0x4F00BA0: THaAnalyzer::DoInit(THaRunBase*) (THaAnalyzer.C:694)
==27000==    by 0x4EFE163: THaAnalyzer::Init(THaRunBase*) (THaAnalyzer.C:491)
==27000==    by 0x4EFFBC3: THaAnalyzer::Process(THaRunBase*) (THaAnalyzer.C:1323)
==27000==    by 0x40A60A1: ???
==27000==    by 0x40A5EF1: ???
==27000==    by 0x404C07F: ???
==27000==    by 0xFEF8F8B: cling::Interpreter::RunFunction(clang::FunctionDecl const*, cling::Value*) (in /adaqfs/apps/ROOT/6.16-00/lib/libCling.so.6.16.00)
==27000==    by 0xFEF9A68: cling::Interpreter::EvaluateInternal(std::string const&, cling::CompilationOptions, cling::Value*, cling::Transaction**, unsigned long) (in /adaqfs/apps/ROOT/6.16-00/lib/libCling.so.6.16.00)
==27000== 
==27000== Conditional jump or move depends on uninitialised value(s)
==27000==    at 0x4F77C04: THaVform::MakeFormula(int, int) (THaVform.C:452)
==27000==    by 0x4F78A98: THaVform::Init() (THaVform.C:387)
==27000==    by 0x4F7BA73: THaVhist::Init() (THaVhist.C:133)
==27000==    by 0x4F2CDD6: THaOutput::Init(char const*) (THaOutput.C:379)
==27000==    by 0x4F00D18: THaAnalyzer::DoInit(THaRunBase*) (THaAnalyzer.C:722)
==27000==    by 0x4EFE163: THaAnalyzer::Init(THaRunBase*) (THaAnalyzer.C:491)
==27000==    by 0x4EFFBC3: THaAnalyzer::Process(THaRunBase*) (THaAnalyzer.C:1323)
==27000==    by 0x40A60A1: ???
==27000==    by 0x40A5EF1: ???
==27000==    by 0x404C07F: ???
==27000==    by 0xFEF8F8B: cling::Interpreter::RunFunction(clang::FunctionDecl const*, cling::Value*) (in /adaqfs/apps/ROOT/6.16-00/lib/libCling.so.6.16.00)
==27000==    by 0xFEF9A68: cling::Interpreter::EvaluateInternal(std::string const&, cling::CompilationOptions, cling::Value*, cling::Transaction**, unsigned long) (in /adaqfs/apps/ROOT/6.16-00/lib/libCling.so.6.16.00)
==27000==  Uninitialised value was created by a heap allocation
==27000==    at 0x4C2A1E3: operator new(unsigned long) (vg_replace_malloc.c:334)
==27000==    by 0x1C3BBFFD: ParityData::SetupParData(TDatime const*, THaAnalysisObject::EMode) (ParityData.cxx:247)
==27000==    by 0x1C3BCC28: ParityData::Init(TDatime const&) (ParityData.cxx:355)
==27000==    by 0x4EFEFD1: THaAnalyzer::InitModules(TList*, TDatime&, int, char const*) (THaAnalyzer.C:457)
==27000==    by 0x4F00BA0: THaAnalyzer::DoInit(THaRunBase*) (THaAnalyzer.C:694)
==27000==    by 0x4EFE163: THaAnalyzer::Init(THaRunBase*) (THaAnalyzer.C:491)
==27000==    by 0x4EFFBC3: THaAnalyzer::Process(THaRunBase*) (THaAnalyzer.C:1323)
==27000==    by 0x40A60A1: ???
==27000==    by 0x40A5EF1: ???
==27000==    by 0x404C07F: ???
==27000==    by 0xFEF8F8B: cling::Interpreter::RunFunction(clang::FunctionDecl const*, cling::Value*) (in /adaqfs/apps/ROOT/6.16-00/lib/libCling.so.6.16.00)
==27000==    by 0xFEF9A68: cling::Interpreter::EvaluateInternal(std::string const&, cling::CompilationOptions, cling::Value*, cling::Transaction**, unsigned long) (in /adaqfs/apps/ROOT/6.16-00/lib/libCling.so.6.16.00)
==27000== 
==27000== Conditional jump or move depends on uninitialised value(s)
==27000==    at 0x4F77D8B: THaVform::MakeFormula(int, int) (THaVform.C:452)
==27000==    by 0x4F78A98: THaVform::Init() (THaVform.C:387)
==27000==    by 0x4F7BA73: THaVhist::Init() (THaVhist.C:133)
==27000==    by 0x4F2CDD6: THaOutput::Init(char const*) (THaOutput.C:379)
==27000==    by 0x4F00D18: THaAnalyzer::DoInit(THaRunBase*) (THaAnalyzer.C:722)
==27000==    by 0x4EFE163: THaAnalyzer::Init(THaRunBase*) (THaAnalyzer.C:491)
==27000==    by 0x4EFFBC3: THaAnalyzer::Process(THaRunBase*) (THaAnalyzer.C:1323)
==27000==    by 0x40A60A1: ???
==27000==    by 0x40A5EF1: ???
==27000==    by 0x404C07F: ???
==27000==    by 0xFEF8F8B: cling::Interpreter::RunFunction(clang::FunctionDecl const*, cling::Value*) (in /adaqfs/apps/ROOT/6.16-00/lib/libCling.so.6.16.00)
==27000==    by 0xFEF9A68: cling::Interpreter::EvaluateInternal(std::string const&, cling::CompilationOptions, cling::Value*, cling::Transaction**, unsigned long) (in /adaqfs/apps/ROOT/6.16-00/lib/libCling.so.6.16.00)
==27000==  Uninitialised value was created by a heap allocation
==27000==    at 0x4C2A1E3: operator new(unsigned long) (vg_replace_malloc.c:334)
==27000==    by 0x1C3BBFFD: ParityData::SetupParData(TDatime const*, THaAnalysisObject::EMode) (ParityData.cxx:247)
==27000==    by 0x1C3BCC28: ParityData::Init(TDatime const&) (ParityData.cxx:355)
==27000==    by 0x4EFEFD1: THaAnalyzer::InitModules(TList*, TDatime&, int, char const*) (THaAnalyzer.C:457)
==27000==    by 0x4F00BA0: THaAnalyzer::DoInit(THaRunBase*) (THaAnalyzer.C:694)
==27000==    by 0x4EFE163: THaAnalyzer::Init(THaRunBase*) (THaAnalyzer.C:491)
==27000==    by 0x4EFFBC3: THaAnalyzer::Process(THaRunBase*) (THaAnalyzer.C:1323)
==27000==    by 0x40A60A1: ???
==27000==    by 0x40A5EF1: ???
==27000==    by 0x404C07F: ???
==27000==    by 0xFEF8F8B: cling::Interpreter::RunFunction(clang::FunctionDecl const*, cling::Value*) (in /adaqfs/apps/ROOT/6.16-00/lib/libCling.so.6.16.00)
==27000==    by 0xFEF9A68: cling::Interpreter::EvaluateInternal(std::string const&, cling::CompilationOptions, cling::Value*, cling::Transaction**, unsigned long) (in /adaqfs/apps/ROOT/6.16-00/lib/libCling.so.6.16.00)
==27000== 
THaVform::WARNING: Asking for a too-huge number of formulas !!
Truncating at 10000
THaVform::WARNING: Asking for a too-huge number of formulas !!
Truncating at 10000
THaVform::WARNING: Asking for a too-huge number of formulas !!
Truncating at 10000
